# JRE version: OpenJDK Runtime Environment (17.0.6) (build 17.0.6+0-b2043.56-10027231)
# Java VM: OpenJDK 64-Bit Server VM (17.0.6+0-b2043.56-10027231, mixed mode, tiered, compressed oops, compressed class ptrs, g1 gc, windows-amd64)
GC Precious Log:
 CPUs: 8 total, 8 available
 Memory: 8056M
 Large Page Support: Disabled
 NUMA Support: Disabled
 Compressed Oops: Enabled (32-bit)
 Heap Region Size: 1M
 Heap Min Capacity: 8M
 Heap Initial Capacity: 126M
 Heap Max Capacity: 2G
 Pre-touch: Disabled
 Parallel Workers: 8
 Concurrent Workers: 2
 Concurrent Refinement Workers: 8
 Periodic GC: Disabled
Heap:
 garbage-first heap   total 159744K, used 110460K [0x0000000080000000, 0x0000000100000000)
  region size 1024K, 3 young (3072K), 3 survivors (3072K)
 Metaspace       used 100016K, committed 100736K, reserved 1138688K
  class space    used 13648K, committed 14016K, reserved 1048576K
GC Heap History (20 events):
Event: 28.375 GC heap after
{Heap after GC invocations=37 (full 0):
 garbage-first heap   total 133120K, used 71408K [0x0000000080000000, 0x0000000100000000)
  region size 1024K, 3 young (3072K), 3 survivors (3072K)
 Metaspace       used 83381K, committed 83968K, reserved 1122304K
  class space    used 11363K, committed 11648K, reserved 1048576K
}
Event: 29.179 GC heap before
{Heap before GC invocations=38 (full 0):
 garbage-first heap   total 133120K, used 108272K [0x0000000080000000, 0x0000000100000000)
  region size 1024K, 39 young (39936K), 3 survivors (3072K)
 Metaspace       used 86712K, committed 87360K, reserved 1130496K
  class space    used 11851K, committed 12160K, reserved 1048576K
}
Event: 29.187 GC heap after
{Heap after GC invocations=39 (full 0):
 garbage-first heap   total 133120K, used 74458K [0x0000000080000000, 0x0000000100000000)
  region size 1024K, 5 young (5120K), 5 survivors (5120K)
 Metaspace       used 86712K, committed 87360K, reserved 1130496K
  class space    used 11851K, committed 12160K, reserved 1048576K
}
Event: 29.199 GC heap before
{Heap before GC invocations=39 (full 0):
 garbage-first heap   total 133120K, used 75482K [0x0000000080000000, 0x0000000100000000)
  region size 1024K, 6 young (6144K), 5 survivors (5120K)
 Metaspace       used 86765K, committed 87360K, reserved 1130496K
  class space    used 11858K, committed 12160K, reserved 1048576K
}
Event: 29.206 GC heap after
{Heap after GC invocations=40 (full 0):
 garbage-first heap   total 159744K, used 74776K [0x0000000080000000, 0x0000000100000000)
  region size 1024K, 1 young (1024K), 1 survivors (1024K)
 Metaspace       used 86765K, committed 87360K, reserved 1130496K
  class space    used 11858K, committed 12160K, reserved 1048576K
}
Event: 31.151 GC heap before
{Heap before GC invocations=40 (full 0):
 garbage-first heap   total 159744K, used 128024K [0x0000000080000000, 0x0000000100000000)
  region size 1024K, 53 young (54272K), 1 survivors (1024K)
 Metaspace       used 92871K, committed 93504K, reserved 1130496K
  class space    used 12727K, committed 12992K, reserved 1048576K
}
Event: 31.156 GC heap after
{Heap after GC invocations=41 (full 0):
 garbage-first heap   total 159744K, used 78419K [0x0000000080000000, 0x0000000100000000)
  region size 1024K, 5 young (5120K), 5 survivors (5120K)
 Metaspace       used 92871K, committed 93504K, reserved 1130496K
  class space    used 12727K, committed 12992K, reserved 1048576K
}
Event: 31.599 GC heap before
{Heap before GC invocations=42 (full 0):
 garbage-first heap   total 159744K, used 128595K [0x0000000080000000, 0x0000000100000000)
  region size 1024K, 54 young (55296K), 5 survivors (5120K)
 Metaspace       used 93656K, committed 94272K, reserved 1130496K
  class space    used 12819K, committed 13120K, reserved 1048576K
}
Event: 31.611 GC heap after
{Heap after GC invocations=43 (full 0):
 garbage-first heap   total 159744K, used 85672K [0x0000000080000000, 0x0000000100000000)
  region size 1024K, 7 young (7168K), 7 survivors (7168K)
 Metaspace       used 93656K, committed 94272K, reserved 1130496K
  class space    used 12819K, committed 13120K, reserved 1048576K
}
Event: 31.619 GC heap before
{Heap before GC invocations=43 (full 0):
 garbage-first heap   total 159744K, used 86696K [0x0000000080000000, 0x0000000100000000)
  region size 1024K, 8 young (8192K), 7 survivors (7168K)
 Metaspace       used 93656K, committed 94272K, reserved 1130496K
  class space    used 12819K, committed 13120K, reserved 1048576K
}
Event: 31.626 GC heap after
{Heap after GC invocations=44 (full 0):
 garbage-first heap   total 159744K, used 86549K [0x0000000080000000, 0x0000000100000000)
  region size 1024K, 1 young (1024K), 1 survivors (1024K)
 Metaspace       used 93656K, committed 94272K, reserved 1130496K
  class space    used 12819K, committed 13120K, reserved 1048576K
}
Event: 33.554 GC heap before
{Heap before GC invocations=44 (full 0):
 garbage-first heap   total 159744K, used 128533K [0x0000000080000000, 0x0000000100000000)
  region size 1024K, 42 young (43008K), 1 survivors (1024K)
 Metaspace       used 95339K, committed 96000K, reserved 1138688K
  class space    used 13122K, committed 13440K, reserved 1048576K
}
Event: 33.560 GC heap after
{Heap after GC invocations=45 (full 0):
 garbage-first heap   total 159744K, used 89448K [0x0000000080000000, 0x0000000100000000)
  region size 1024K, 4 young (4096K), 4 survivors (4096K)
 Metaspace       used 95339K, committed 96000K, reserved 1138688K
  class space    used 13122K, committed 13440K, reserved 1048576K
}
Event: 34.588 GC heap before
{Heap before GC invocations=45 (full 0):
 garbage-first heap   total 159744K, used 116072K [0x0000000080000000, 0x0000000100000000)
  region size 1024K, 32 young (32768K), 4 survivors (4096K)
 Metaspace       used 95850K, committed 96576K, reserved 1138688K
  class space    used 13184K, committed 13504K, reserved 1048576K
}
Event: 34.592 GC heap after
{Heap after GC invocations=46 (full 0):
 garbage-first heap   total 159744K, used 92489K [0x0000000080000000, 0x0000000100000000)
  region size 1024K, 3 young (3072K), 3 survivors (3072K)
 Metaspace       used 95850K, committed 96576K, reserved 1138688K
  class space    used 13184K, committed 13504K, reserved 1048576K
}
Event: 37.068 GC heap before
{Heap before GC invocations=47 (full 0):
 garbage-first heap   total 159744K, used 133449K [0x0000000080000000, 0x0000000100000000)
  region size 1024K, 41 young (41984K), 3 survivors (3072K)
 Metaspace       used 99438K, committed 100160K, reserved 1138688K
  class space    used 13595K, committed 13952K, reserved 1048576K
}
Event: 37.079 GC heap after
{Heap after GC invocations=48 (full 0):
 garbage-first heap   total 159744K, used 106659K [0x0000000080000000, 0x0000000100000000)
  region size 1024K, 6 young (6144K), 6 survivors (6144K)
 Metaspace       used 99438K, committed 100160K, reserved 1138688K
  class space    used 13595K, committed 13952K, reserved 1048576K
}
Event: 37.296 GC heap before
{Heap before GC invocations=48 (full 0):
 garbage-first heap   total 159744K, used 107683K [0x0000000080000000, 0x0000000100000000)
  region size 1024K, 7 young (7168K), 6 survivors (6144K)
 Metaspace       used 99505K, committed 100160K, reserved 1138688K
  class space    used 13600K, committed 13952K, reserved 1048576K
}
Event: 37.303 GC heap after
{Heap after GC invocations=49 (full 0):
 garbage-first heap   total 159744K, used 107909K [0x0000000080000000, 0x0000000100000000)
  region size 1024K, 1 young (1024K), 1 survivors (1024K)
 Metaspace       used 99505K, committed 100160K, reserved 1138688K
  class space    used 13600K, committed 13952K, reserved 1048576K
}
Event: 39.316 GC heap before
{Heap before GC invocations=49 (full 0):
 garbage-first heap   total 159744K, used 143749K [0x0000000080000000, 0x0000000100000000)
  region size 1024K, 20 young (20480K), 1 survivors (1024K)
 Metaspace       used 100016K, committed 100736K, reserved 1138688K
  class space    used 13648K, committed 14016K, reserved 1048576K
}

