# JRE version: OpenJDK Runtime Environment (17.0.6) (build 17.0.6+0-b2043.56-10027231)
# Java VM: OpenJDK 64-Bit Server VM (17.0.6+0-b2043.56-10027231, mixed mode, tiered, compressed oops, compressed class ptrs, g1 gc, windows-amd64)
GC Precious Log:
 CPUs: 8 total, 8 available
 Memory: 8056M
 Large Page Support: Disabled
 NUMA Support: Disabled
 Compressed Oops: Enabled (32-bit)
 Heap Region Size: 1M
 Heap Min Capacity: 8M
 Heap Initial Capacity: 126M
 Heap Max Capacity: 2G
 Pre-touch: Disabled
 Parallel Workers: 8
 Concurrent Workers: 2
 Concurrent Refinement Workers: 8
 Periodic GC: Disabled
Heap:
 garbage-first heap   total 75776K, used 45411K [0x0000000080000000, 0x0000000100000000)
  region size 1024K, 7 young (7168K), 2 survivors (2048K)
 Metaspace       used 53569K, committed 54080K, reserved 1097728K
  class space    used 7158K, committed 7360K, reserved 1048576K
GC Heap History (20 events):
Event: 10.105 GC heap before
{Heap before GC invocations=10 (full 0):
 garbage-first heap   total 68608K, used 50880K [0x0000000080000000, 0x0000000100000000)
  region size 1024K, 28 young (28672K), 1 survivors (1024K)
 Metaspace       used 40401K, committed 40768K, reserved 1089536K
  class space    used 5356K, committed 5504K, reserved 1048576K
}
Event: 10.109 GC heap after
{Heap after GC invocations=11 (full 0):
 garbage-first heap   total 68608K, used 27803K [0x0000000080000000, 0x0000000100000000)
  region size 1024K, 4 young (4096K), 4 survivors (4096K)
 Metaspace       used 40401K, committed 40768K, reserved 1089536K
  class space    used 5356K, committed 5504K, reserved 1048576K
}
Event: 10.652 GC heap before
{Heap before GC invocations=11 (full 0):
 garbage-first heap   total 68608K, used 54427K [0x0000000080000000, 0x0000000100000000)
  region size 1024K, 27 young (27648K), 4 survivors (4096K)
 Metaspace       used 43152K, committed 43520K, reserved 1089536K
  class space    used 5668K, committed 5824K, reserved 1048576K
}
Event: 10.657 GC heap after
{Heap after GC invocations=12 (full 0):
 garbage-first heap   total 68608K, used 28773K [0x0000000080000000, 0x0000000100000000)
  region size 1024K, 3 young (3072K), 3 survivors (3072K)
 Metaspace       used 43152K, committed 43520K, reserved 1089536K
  class space    used 5668K, committed 5824K, reserved 1048576K
}
Event: 11.195 GC heap before
{Heap before GC invocations=12 (full 0):
 garbage-first heap   total 68608K, used 52325K [0x0000000080000000, 0x0000000100000000)
  region size 1024K, 26 young (26624K), 3 survivors (3072K)
 Metaspace       used 45542K, committed 45952K, reserved 1089536K
  class space    used 5954K, committed 6144K, reserved 1048576K
}
Event: 11.198 GC heap after
{Heap after GC invocations=13 (full 0):
 garbage-first heap   total 68608K, used 30237K [0x0000000080000000, 0x0000000100000000)
  region size 1024K, 4 young (4096K), 4 survivors (4096K)
 Metaspace       used 45542K, committed 45952K, reserved 1089536K
  class space    used 5954K, committed 6144K, reserved 1048576K
}
Event: 11.849 GC heap before
{Heap before GC invocations=13 (full 0):
 garbage-first heap   total 68608K, used 53789K [0x0000000080000000, 0x0000000100000000)
  region size 1024K, 27 young (27648K), 4 survivors (4096K)
 Metaspace       used 48728K, committed 49088K, reserved 1097728K
  class space    used 6487K, committed 6656K, reserved 1048576K
}
Event: 11.853 GC heap after
{Heap after GC invocations=14 (full 0):
 garbage-first heap   total 68608K, used 31651K [0x0000000080000000, 0x0000000100000000)
  region size 1024K, 4 young (4096K), 4 survivors (4096K)
 Metaspace       used 48728K, committed 49088K, reserved 1097728K
  class space    used 6487K, committed 6656K, reserved 1048576K
}
Event: 12.563 GC heap before
{Heap before GC invocations=14 (full 0):
 garbage-first heap   total 68608K, used 54179K [0x0000000080000000, 0x0000000100000000)
  region size 1024K, 26 young (26624K), 4 survivors (4096K)
 Metaspace       used 51816K, committed 52288K, reserved 1097728K
  class space    used 6945K, committed 7168K, reserved 1048576K
}
Event: 12.567 GC heap after
{Heap after GC invocations=15 (full 0):
 garbage-first heap   total 68608K, used 32578K [0x0000000080000000, 0x0000000100000000)
  region size 1024K, 3 young (3072K), 3 survivors (3072K)
 Metaspace       used 51816K, committed 52288K, reserved 1097728K
  class space    used 6945K, committed 7168K, reserved 1048576K
}
Event: 13.207 GC heap before
{Heap before GC invocations=15 (full 0):
 garbage-first heap   total 68608K, used 55106K [0x0000000080000000, 0x0000000100000000)
  region size 1024K, 25 young (25600K), 3 survivors (3072K)
 Metaspace       used 52996K, committed 53440K, reserved 1097728K
  class space    used 7092K, committed 7296K, reserved 1048576K
}
Event: 13.211 GC heap after
{Heap after GC invocations=16 (full 0):
 garbage-first heap   total 68608K, used 34840K [0x0000000080000000, 0x0000000100000000)
  region size 1024K, 4 young (4096K), 4 survivors (4096K)
 Metaspace       used 52996K, committed 53440K, reserved 1097728K
  class space    used 7092K, committed 7296K, reserved 1048576K
}
Event: 13.550 GC heap before
{Heap before GC invocations=16 (full 0):
 garbage-first heap   total 68608K, used 50200K [0x0000000080000000, 0x0000000100000000)
  region size 1024K, 21 young (21504K), 4 survivors (4096K)
 Metaspace       used 53462K, committed 53952K, reserved 1097728K
  class space    used 7139K, committed 7360K, reserved 1048576K
}
Event: 13.554 GC heap after
{Heap after GC invocations=17 (full 0):
 garbage-first heap   total 68608K, used 35888K [0x0000000080000000, 0x0000000100000000)
  region size 1024K, 2 young (2048K), 2 survivors (2048K)
 Metaspace       used 53462K, committed 53952K, reserved 1097728K
  class space    used 7139K, committed 7360K, reserved 1048576K
}
Event: 13.839 GC heap before
{Heap before GC invocations=18 (full 0):
 garbage-first heap   total 68608K, used 36912K [0x0000000080000000, 0x0000000100000000)
  region size 1024K, 3 young (3072K), 2 survivors (2048K)
 Metaspace       used 53462K, committed 53952K, reserved 1097728K
  class space    used 7140K, committed 7360K, reserved 1048576K
}
Event: 13.841 GC heap after
{Heap after GC invocations=19 (full 0):
 garbage-first heap   total 68608K, used 36917K [0x0000000080000000, 0x0000000100000000)
  region size 1024K, 2 young (2048K), 2 survivors (2048K)
 Metaspace       used 53462K, committed 53952K, reserved 1097728K
  class space    used 7140K, committed 7360K, reserved 1048576K
}
Event: 15.095 GC heap before
{Heap before GC invocations=20 (full 0):
 garbage-first heap   total 68608K, used 37941K [0x0000000080000000, 0x0000000100000000)
  region size 1024K, 4 young (4096K), 2 survivors (2048K)
 Metaspace       used 53462K, committed 53952K, reserved 1097728K
  class space    used 7140K, committed 7360K, reserved 1048576K
}
Event: 15.098 GC heap after
{Heap after GC invocations=21 (full 0):
 garbage-first heap   total 68608K, used 39176K [0x0000000080000000, 0x0000000100000000)
  region size 1024K, 2 young (2048K), 2 survivors (2048K)
 Metaspace       used 53462K, committed 53952K, reserved 1097728K
  class space    used 7140K, committed 7360K, reserved 1048576K
}
Event: 15.520 GC heap before
{Heap before GC invocations=22 (full 0):
 garbage-first heap   total 71680K, used 41224K [0x0000000080000000, 0x0000000100000000)
  region size 1024K, 4 young (4096K), 2 survivors (2048K)
 Metaspace       used 53557K, committed 54016K, reserved 1097728K
  class space    used 7155K, committed 7360K, reserved 1048576K
}
Event: 15.523 GC heap after
{Heap after GC invocations=23 (full 0):
 garbage-first heap   total 71680K, used 41315K [0x0000000080000000, 0x0000000100000000)
  region size 1024K, 2 young (2048K), 2 survivors (2048K)
 Metaspace       used 53557K, committed 54016K, reserved 1097728K
  class space    used 7155K, committed 7360K, reserved 1048576K
}

